Windows PowerShell
Copyright (C) Microsoft Corporation. All rights reserved.

PS J:\ROOT\GitHub\ANXMiuiGallery10> java  -jar .\tools\apktool.jar d -p .\tools\MiuiFrameworks -f -o .\src\ANXGallery .\orig\MiuiGallery.apk
I: Using Apktool 2.3.4 on MiuiGallery.apk
I: Loading resource table...
I: Decoding Shared Library (miui), pkgId: 16
I: Decoding AndroidManifest.xml with resources...
I: Loading resource table from file: .\tools\MiuiFrameworks\1.apk
I: Regular manifest package...
I: Decoding file-resources...
I: Loading resource table from file: .\tools\MiuiFrameworks\16.apk
I: Decoding Shared Library (androidhwext), pkgId: 15
I: Decoding values */* XMLs...
I: Baksmaling classes.dex...
I: Copying assets and libs...
I: Copying unknown files...
I: Copying original files...
PS J:\ROOT\GitHub\ANXMiuiGallery10>
PS J:\ROOT\GitHub\ANXMiuiGallery10>
PS J:\ROOT\GitHub\ANXMiuiGallery10> java  -jar .\tools\apktool.jar d -p .\tools\MiuiFrameworks -f -o .\src\ANXExtraPhoto .\orig\MiuiExtraPhoto.apk
I: Using Apktool 2.3.4 on MiuiExtraPhoto.apk
I: Loading resource table...
I: Decoding Shared Library (miui), pkgId: 16
I: Decoding Shared Library (miui.system), pkgId: 18
I: Decoding AndroidManifest.xml with resources...
I: Loading resource table from file: .\tools\MiuiFrameworks\1.apk
I: Regular manifest package...
I: Decoding file-resources...
I: Decoding values */* XMLs...
I: Loading resource table from file: .\tools\MiuiFrameworks\16.apk
I: Decoding Shared Library (androidhwext), pkgId: 15
I: Baksmaling classes.dex...
I: Copying assets and libs...
I: Copying unknown files...
I: Copying original files...
PS J:\ROOT\GitHub\ANXMiuiGallery10>